<?xml version="1.0" encoding="UTF-8"?>
<testng-results ignored="0" total="1" passed="1" failed="0" skipped="0">
  <reporter-output>
  </reporter-output>
  <suite started-at="2023-02-12T20:55:56Z" name="Default suite" finished-at="2023-02-12T20:56:16Z" duration-ms="19830">
    <groups>
    </groups>
    <test started-at="2023-02-12T20:55:56Z" name="Default test" finished-at="2023-02-12T20:56:16Z" duration-ms="19830">
      <class name="com.qa.tests.LogoutTest">
        <test-method is-config="true" signature="beforeMethod()[pri:0, instance:com.qa.tests.LogoutTest@babafc2]" started-at="2023-02-12T20:55:56Z" name="beforeMethod" finished-at="2023-02-12T20:56:08Z" duration-ms="11413" status="PASS">
          <reporter-output>
          </reporter-output>
        </test-method> <!-- beforeMethod -->
        <test-method signature="VerifyLogoutTest()[pri:0, instance:com.qa.tests.LogoutTest@babafc2]" started-at="2023-02-12T20:56:08Z" name="VerifyLogoutTest" finished-at="2023-02-12T20:56:15Z" duration-ms="7574" status="PASS">
          <reporter-output>
          </reporter-output>
        </test-method> <!-- VerifyLogoutTest -->
        <test-method is-config="true" signature="afterMethod()[pri:0, instance:com.qa.tests.LogoutTest@babafc2]" started-at="2023-02-12T20:56:15Z" name="afterMethod" finished-at="2023-02-12T20:56:16Z" duration-ms="812" status="PASS">
          <reporter-output>
          </reporter-output>
        </test-method> <!-- afterMethod -->
      </class> <!-- com.qa.tests.LogoutTest -->
    </test> <!-- Default test -->
  </suite> <!-- Default suite -->
</testng-results>
